<?xml version="1.0" encoding="UTF-8"?>
<!-- Generated by org.testng.reporters.JUnitReportReporter -->
<testsuite hostname="DESKTOP-9TR8FUE" failures="0" tests="1" name="com.ecart.tests.ProductPageTest" time="5.538" errors="0" timestamp="2025-06-29T21:46:44 IST" skipped="0">
  <testcase classname="com.ecart.tests.ProductPageTest" name="validateSortFunctionalitySortByValueDecending" time="5.538"/>
</testsuite> <!-- com.ecart.tests.ProductPageTest -->
