<?xml version="1.0" encoding="UTF-8"?>
<!-- Generated by org.testng.reporters.JUnitReportReporter -->
<testsuite hostname="DESKTOP-9TR8FUE" failures="0" tests="2" name="com.ecart.LoginTest" time="9.307" errors="0" timestamp="2025-06-27T22:16:05 IST" skipped="0">
  <testcase classname="com.ecart.LoginTest" name="validateLogin" time="5.689"/>
  <testcase classname="com.ecart.LoginTest" name="validateProductsList" time="3.618"/>
</testsuite> <!-- com.ecart.LoginTest -->
