<?xml version="1.0" encoding="UTF-8"?>
<!-- Generated by org.testng.reporters.JUnitReportReporter -->
<testsuite hostname="DESKTOP-9TR8FUE" failures="0" tests="4" name="com.ecart.tests.LoginTest" time="20.144" errors="0" timestamp="2025-07-03T16:35:56 IST" skipped="0">
  <testcase classname="com.ecart.tests.LoginTest" name="validateLogin" time="2.852"/>
  <testcase classname="com.ecart.tests.LoginTest" name="invalidPasswordLogin" time="3.172"/>
  <testcase classname="com.ecart.tests.LoginTest" name="invalidUsernameLogin" time="11.233"/>
  <testcase classname="com.ecart.tests.LoginTest" name="invalidUsernameAndPasswordLogin" time="2.887"/>
</testsuite> <!-- com.ecart.tests.LoginTest -->
